<?xml version="1.0" encoding="UTF-8"?>
<testng-results ignored="4" total="7" passed="2" failed="0" skipped="1">
  <reporter-output>
  </reporter-output>
  <suite started-at="2025-01-27T18:15:44 IST" name="Suite" finished-at="2025-01-27T18:16:00 IST" duration-ms="15982">
    <groups>
    </groups>
    <test started-at="2025-01-27T18:15:44 IST" name="Test" finished-at="2025-01-27T18:16:00 IST" duration-ms="15982">
      <class name="com.comcast.crm.orgtest.TC_03">
        <test-method is-config="true" signature="openBrowser(java.lang.String)[pri:0, instance:com.comcast.crm.orgtest.TC_03@5bf0d49]" started-at="2025-01-27T18:15:52 IST" name="openBrowser" finished-at="2025-01-27T18:15:53 IST" duration-ms="886" status="PASS">
          <params>
            <param index="0">
              <value>
                <![CDATA[chrome]]>
              </value>
            </param>
          </params>
          <reporter-output>
          </reporter-output>
        </test-method> <!-- openBrowser -->
        <test-method is-config="true" signature="login()[pri:0, instance:com.comcast.crm.orgtest.TC_03@5bf0d49]" started-at="2025-01-27T18:15:53 IST" name="login" finished-at="2025-01-27T18:15:55 IST" duration-ms="1848" status="PASS">
          <reporter-output>
          </reporter-output>
        </test-method> <!-- login -->
        <test-method signature="orgWithPhone()[pri:0, instance:com.comcast.crm.orgtest.TC_03@5bf0d49]" started-at="2025-01-27T18:15:55 IST" name="orgWithPhone" finished-at="2025-01-27T18:15:59 IST" duration-ms="3742" status="PASS">
          <reporter-output>
          </reporter-output>
        </test-method> <!-- orgWithPhone -->
        <test-method is-config="true" signature="logout()[pri:0, instance:com.comcast.crm.orgtest.TC_03@5bf0d49]" started-at="2025-01-27T18:15:59 IST" name="logout" finished-at="2025-01-27T18:15:59 IST" duration-ms="660" status="PASS">
          <reporter-output>
          </reporter-output>
        </test-method> <!-- logout -->
        <test-method is-config="true" signature="closeBrowser()[pri:0, instance:com.comcast.crm.orgtest.TC_03@5bf0d49]" started-at="2025-01-27T18:15:59 IST" name="closeBrowser" finished-at="2025-01-27T18:16:00 IST" duration-ms="182" status="PASS">
          <reporter-output>
          </reporter-output>
        </test-method> <!-- closeBrowser -->
      </class> <!-- com.comcast.crm.orgtest.TC_03 -->
      <class name="com.comcast.crm.orgtest.TC_02">
        <test-method is-config="true" signature="configBS()[pri:0, instance:com.comcast.crm.orgtest.TC_02@51399530]" started-at="2025-01-27T18:15:44 IST" name="configBS" finished-at="2025-01-27T18:15:44 IST" duration-ms="12" status="PASS">
          <reporter-output>
          </reporter-output>
        </test-method> <!-- configBS -->
        <test-method is-config="true" signature="openBrowser(java.lang.String)[pri:0, instance:com.comcast.crm.orgtest.TC_02@51399530]" started-at="2025-01-27T18:15:44 IST" name="openBrowser" finished-at="2025-01-27T18:15:45 IST" duration-ms="1505" status="FAIL">
          <params>
            <param index="0">
              <value>
                <![CDATA[chrome]]>
              </value>
            </param>
          </params>
          <exception class="java.lang.NullPointerException">
            <message>
              <![CDATA[Cannot invoke "com.aventstack.extentreports.ExtentTest.log(com.aventstack.extentreports.Status, String)" because the return value of "com.comcast.crm.generic.webdriverutility.UtilityClassObject.getTest()" is null]]>
            </message>
            <full-stacktrace>
              <![CDATA[java.lang.NullPointerException: Cannot invoke "com.aventstack.extentreports.ExtentTest.log(com.aventstack.extentreports.Status, String)" because the return value of "com.comcast.crm.generic.webdriverutility.UtilityClassObject.getTest()" is null
at com.comcast.crm.basetest.BaseClass.openBrowser(BaseClass.java:58)
at java.base/jdk.internal.reflect.DirectMethodHandleAccessor.invoke(DirectMethodHandleAccessor.java:103)
at java.base/java.lang.reflect.Method.invoke(Method.java:580)
at org.testng.internal.MethodInvocationHelper.invokeMethod(MethodInvocationHelper.java:133)
at org.testng.internal.MethodInvocationHelper.invokeMethodConsideringTimeout(MethodInvocationHelper.java:62)
at org.testng.internal.ConfigInvoker.invokeConfigurationMethod(ConfigInvoker.java:385)
at org.testng.internal.ConfigInvoker.invokeConfigurations(ConfigInvoker.java:321)
at org.testng.internal.TestMethodWorker.invokeBeforeClassMethods(TestMethodWorker.java:176)
at org.testng.internal.TestMethodWorker.run(TestMethodWorker.java:122)
at java.base/java.util.ArrayList.forEach(ArrayList.java:1597)
at org.testng.TestRunner.privateRun(TestRunner.java:794)
at org.testng.TestRunner.run(TestRunner.java:596)
at org.testng.SuiteRunner.runTest(SuiteRunner.java:377)
at org.testng.SuiteRunner.runSequentially(SuiteRunner.java:371)
at org.testng.SuiteRunner.privateRun(SuiteRunner.java:332)
at org.testng.SuiteRunner.run(SuiteRunner.java:276)
at org.testng.SuiteRunnerWorker.runSuite(SuiteRunnerWorker.java:53)
at org.testng.SuiteRunnerWorker.run(SuiteRunnerWorker.java:96)
at org.testng.TestNG.runSuitesSequentially(TestNG.java:1212)
at org.testng.TestNG.runSuitesLocally(TestNG.java:1134)
at org.testng.TestNG.runSuites(TestNG.java:1063)
at org.testng.TestNG.run(TestNG.java:1031)
at org.testng.remote.AbstractRemoteTestNG.run(AbstractRemoteTestNG.java:115)
at org.testng.remote.RemoteTestNG.initAndRun(RemoteTestNG.java:293)
at org.testng.remote.RemoteTestNG.main(RemoteTestNG.java:91)
]]>
            </full-stacktrace>
          </exception> <!-- java.lang.NullPointerException -->
          <reporter-output>
          </reporter-output>
        </test-method> <!-- openBrowser -->
        <test-method is-config="true" signature="login()[pri:0, instance:com.comcast.crm.orgtest.TC_02@51399530]" started-at="2025-01-27T18:15:45 IST" name="login" finished-at="1970-01-01T05:30:00 IST" duration-ms="-1737981945683" status="SKIP">
          <reporter-output>
          </reporter-output>
        </test-method> <!-- login -->
        <test-method signature="OrgWithIndustryAndType()[pri:0, instance:com.comcast.crm.orgtest.TC_02@51399530]" started-at="2025-01-27T18:15:45 IST" name="OrgWithIndustryAndType" finished-at="2025-01-27T18:15:45 IST" duration-ms="0" status="SKIP">
          <exception class="java.lang.NullPointerException">
            <message>
              <![CDATA[Cannot invoke "com.aventstack.extentreports.ExtentTest.log(com.aventstack.extentreports.Status, String)" because the return value of "com.comcast.crm.generic.webdriverutility.UtilityClassObject.getTest()" is null]]>
            </message>
            <full-stacktrace>
              <![CDATA[java.lang.NullPointerException: Cannot invoke "com.aventstack.extentreports.ExtentTest.log(com.aventstack.extentreports.Status, String)" because the return value of "com.comcast.crm.generic.webdriverutility.UtilityClassObject.getTest()" is null
at com.comcast.crm.basetest.BaseClass.openBrowser(BaseClass.java:58)
at java.base/jdk.internal.reflect.DirectMethodHandleAccessor.invoke(DirectMethodHandleAccessor.java:103)
at java.base/java.lang.reflect.Method.invoke(Method.java:580)
at org.testng.internal.MethodInvocationHelper.invokeMethod(MethodInvocationHelper.java:133)
at org.testng.internal.MethodInvocationHelper.invokeMethodConsideringTimeout(MethodInvocationHelper.java:62)
at org.testng.internal.ConfigInvoker.invokeConfigurationMethod(ConfigInvoker.java:385)
at org.testng.internal.ConfigInvoker.invokeConfigurations(ConfigInvoker.java:321)
at org.testng.internal.TestMethodWorker.invokeBeforeClassMethods(TestMethodWorker.java:176)
at org.testng.internal.TestMethodWorker.run(TestMethodWorker.java:122)
at java.base/java.util.ArrayList.forEach(ArrayList.java:1597)
at org.testng.TestRunner.privateRun(TestRunner.java:794)
at org.testng.TestRunner.run(TestRunner.java:596)
at org.testng.SuiteRunner.runTest(SuiteRunner.java:377)
at org.testng.SuiteRunner.runSequentially(SuiteRunner.java:371)
at org.testng.SuiteRunner.privateRun(SuiteRunner.java:332)
at org.testng.SuiteRunner.run(SuiteRunner.java:276)
at org.testng.SuiteRunnerWorker.runSuite(SuiteRunnerWorker.java:53)
at org.testng.SuiteRunnerWorker.run(SuiteRunnerWorker.java:96)
at org.testng.TestNG.runSuitesSequentially(TestNG.java:1212)
at org.testng.TestNG.runSuitesLocally(TestNG.java:1134)
at org.testng.TestNG.runSuites(TestNG.java:1063)
at org.testng.TestNG.run(TestNG.java:1031)
at org.testng.remote.AbstractRemoteTestNG.run(AbstractRemoteTestNG.java:115)
at org.testng.remote.RemoteTestNG.initAndRun(RemoteTestNG.java:293)
at org.testng.remote.RemoteTestNG.main(RemoteTestNG.java:91)
]]>
            </full-stacktrace>
          </exception> <!-- java.lang.NullPointerException -->
          <reporter-output>
          </reporter-output>
        </test-method> <!-- OrgWithIndustryAndType -->
        <test-method is-config="true" signature="logout()[pri:0, instance:com.comcast.crm.orgtest.TC_02@51399530]" started-at="2025-01-27T18:15:45 IST" name="logout" finished-at="1970-01-01T05:30:00 IST" duration-ms="-1737981945702" status="SKIP">
          <reporter-output>
          </reporter-output>
        </test-method> <!-- logout -->
        <test-method is-config="true" signature="closeBrowser()[pri:0, instance:com.comcast.crm.orgtest.TC_02@51399530]" started-at="2025-01-27T18:15:45 IST" name="closeBrowser" finished-at="1970-01-01T05:30:00 IST" duration-ms="-1737981945706" status="SKIP">
          <reporter-output>
          </reporter-output>
        </test-method> <!-- closeBrowser -->
        <test-method is-config="true" signature="afterSuite()[pri:0, instance:com.comcast.crm.orgtest.TC_02@51399530]" started-at="2025-01-27T18:16:00 IST" name="afterSuite" finished-at="2025-01-27T18:16:00 IST" duration-ms="1" status="PASS">
          <reporter-output>
          </reporter-output>
        </test-method> <!-- afterSuite -->
      </class> <!-- com.comcast.crm.orgtest.TC_02 -->
      <class name="com.comcast.crm.orgtest.TC_01">
        <test-method is-config="true" signature="openBrowser(java.lang.String)[pri:0, instance:com.comcast.crm.orgtest.TC_01@175c2241]" started-at="2025-01-27T18:15:45 IST" name="openBrowser" finished-at="2025-01-27T18:15:46 IST" duration-ms="907" status="PASS">
          <params>
            <param index="0">
              <value>
                <![CDATA[chrome]]>
              </value>
            </param>
          </params>
          <reporter-output>
          </reporter-output>
        </test-method> <!-- openBrowser -->
        <test-method is-config="true" signature="login()[pri:0, instance:com.comcast.crm.orgtest.TC_01@175c2241]" started-at="2025-01-27T18:15:46 IST" name="login" finished-at="2025-01-27T18:15:48 IST" duration-ms="1779" status="PASS">
          <reporter-output>
          </reporter-output>
        </test-method> <!-- login -->
        <test-method signature="createOrgTest()[pri:0, instance:com.comcast.crm.orgtest.TC_01@175c2241]" started-at="2025-01-27T18:15:48 IST" name="createOrgTest" finished-at="2025-01-27T18:15:51 IST" duration-ms="3552" status="PASS">
          <reporter-output>
          </reporter-output>
        </test-method> <!-- createOrgTest -->
        <test-method is-config="true" signature="logout()[pri:0, instance:com.comcast.crm.orgtest.TC_01@175c2241]" started-at="2025-01-27T18:15:51 IST" name="logout" finished-at="2025-01-27T18:15:52 IST" duration-ms="627" status="PASS">
          <reporter-output>
          </reporter-output>
        </test-method> <!-- logout -->
        <test-method is-config="true" signature="closeBrowser()[pri:0, instance:com.comcast.crm.orgtest.TC_01@175c2241]" started-at="2025-01-27T18:15:52 IST" name="closeBrowser" finished-at="2025-01-27T18:15:52 IST" duration-ms="224" status="PASS">
          <reporter-output>
          </reporter-output>
        </test-method> <!-- closeBrowser -->
      </class> <!-- com.comcast.crm.orgtest.TC_01 -->
    </test> <!-- Test -->
  </suite> <!-- Suite -->
</testng-results>
